<?xml version="1.0" encoding="UTF-8"?>
<!-- Generated by org.testng.reporters.JUnitReportReporter -->
<testsuite hostname="KQ-LP-049" failures="0" tests="1" name="com.demoqa.qa.test.HomeScreenTest" time="0.000" errors="0" timestamp="2024-06-04T18:38:50 IST" skipped="1">
  <testcase classname="com.demoqa.qa.test.HomeScreenTest" name="navigateToFormsScreen" time="0.000">
    <skipped/>
  </testcase> <!-- navigateToFormsScreen -->
</testsuite> <!-- com.demoqa.qa.test.HomeScreenTest -->
