<?xml version="1.0" encoding="UTF-8"?>
<!-- Generated by org.testng.reporters.JUnitReportReporter -->
<testsuite hostname="KQ-LP-049" failures="0" tests="1" name="com.demoqa.qa.test.FormsPageTest" time="5.161" errors="0" timestamp="2024-06-11T13:10:03 IST" skipped="0">
  <testcase classname="com.demoqa.qa.test.FormsPageTest" name="enterFormDetails" time="5.161"/>
</testsuite> <!-- com.demoqa.qa.test.FormsPageTest -->
